-- tests index filter with outer refs
drop table if exists bfv_tab1;
NOTICE:  table "bfv_tab1" does not exist, skipping
CREATE TABLE bfv_tab1 (
	unique1		int4,
	unique2		int4,
	two			int4,
	four		int4,
	ten			int4,
	twenty		int4,
	hundred		int4,
	thousand	int4,
	twothousand	int4,
	fivethous	int4,
	tenthous	int4,
	odd			int4,
	even		int4,
	stringu1	name,
	stringu2	name,
	string4		name
) distributed by (unique1);
create index bfv_tab1_idx1 on bfv_tab1 using btree(unique1);
explain select * from bfv_tab1, (values(147, 'RFAAAA'), (931, 'VJAAAA')) as v (i, j)
    WHERE bfv_tab1.unique1 = v.i and bfv_tab1.stringu1 = v.j;
                                         QUERY PLAN                                         
--------------------------------------------------------------------------------------------
 Gather Motion 3:1  (slice1; segments: 3)  (cost=0.00..2.00 rows=1 width=256)
   ->  Nested Loop  (cost=0.00..2.00 rows=1 width=256)
         Join Filter: true
         ->  Result  (cost=0.00..0.00 rows=1 width=12)
               ->  Values Scan on "Values"  (cost=0.00..0.00 rows=1 width=12)
         ->  Index Scan using bfv_tab1_idx1 on bfv_tab1  (cost=0.00..2.00 rows=1 width=244)
               Index Cond: unique1 = "Values".column1
               Filter: stringu1::text = "Values".column2
 Optimizer: Pivotal Optimizer (GPORCA) version 2.64.0
(9 rows)

set gp_enable_relsize_collection=on;
explain select * from bfv_tab1, (values(147, 'RFAAAA'), (931, 'VJAAAA')) as v (i, j)
    WHERE bfv_tab1.unique1 = v.i and bfv_tab1.stringu1 = v.j;
                                         QUERY PLAN                                         
--------------------------------------------------------------------------------------------
 Gather Motion 3:1  (slice1; segments: 3)  (cost=0.00..2.00 rows=1 width=256)
   ->  Nested Loop  (cost=0.00..2.00 rows=1 width=256)
         Join Filter: true
         ->  Result  (cost=0.00..0.00 rows=1 width=12)
               ->  Values Scan on "Values"  (cost=0.00..0.00 rows=1 width=12)
         ->  Index Scan using bfv_tab1_idx1 on bfv_tab1  (cost=0.00..2.00 rows=1 width=244)
               Index Cond: unique1 = "Values".column1
               Filter: stringu1::text = "Values".column2
 Optimizer: Pivotal Optimizer (GPORCA) version 2.64.0
(9 rows)

-- Test that we do not choose to perform an index scan if indisvalid=false.
create table bfv_tab1_with_invalid_index (like bfv_tab1 including indexes);
NOTICE:  table doesn't have 'DISTRIBUTED BY' clause, defaulting to distribution columns from LIKE table
set allow_system_table_mods=on;
update pg_index set indisvalid=false where indrelid='bfv_tab1_with_invalid_index'::regclass;
reset allow_system_table_mods;
explain select * from bfv_tab1_with_invalid_index where unique1>42;
                                    QUERY PLAN                                     
-----------------------------------------------------------------------------------
 Gather Motion 3:1  (slice1; segments: 3)  (cost=0.00..431.00 rows=1 width=244)
   ->  Seq Scan on bfv_tab1_with_invalid_index  (cost=0.00..431.00 rows=1 width=244)
         Filter: (unique1 > 42)
 Optimizer: Pivotal Optimizer (GPORCA)
(4 rows)

-- Cannot currently upgrade table with invalid index
-- (see https://github.com/greenplum-db/gpdb/issues/10805).
drop table bfv_tab1_with_invalid_index;
reset gp_enable_relsize_collection;
--start_ignore
DROP TABLE IF EXISTS bfv_tab2_facttable1;
NOTICE:  table "bfv_tab2_facttable1" does not exist, skipping
DROP TABLE IF EXISTS bfv_tab2_dimdate;
NOTICE:  table "bfv_tab2_dimdate" does not exist, skipping
DROP TABLE IF EXISTS bfv_tab2_dimtabl1;
NOTICE:  table "bfv_tab2_dimtabl1" does not exist, skipping
--end_ignore
CREATE TABLE bfv_tab2_facttable1 (
col1 integer,
wk_id smallint,
id integer
)
with (appendonly=true, orientation=column, compresstype=zlib, compresslevel=5)
partition by range (wk_id) (
start (1::smallint) END (20::smallint) inclusive every (1),
default partition dflt
)
;
NOTICE:  Table doesn't have 'DISTRIBUTED BY' clause -- Using column named 'col1' as the Greenplum Database data distribution key for this table.
HINT:  The 'DISTRIBUTED BY' clause determines the distribution of data. Make sure column(s) chosen are the optimal data distribution key to minimize skew.
NOTICE:  CREATE TABLE will create partition "bfv_tab2_facttable1_1_prt_dflt" for table "bfv_tab2_facttable1"
NOTICE:  CREATE TABLE will create partition "bfv_tab2_facttable1_1_prt_2" for table "bfv_tab2_facttable1"
NOTICE:  CREATE TABLE will create partition "bfv_tab2_facttable1_1_prt_3" for table "bfv_tab2_facttable1"
NOTICE:  CREATE TABLE will create partition "bfv_tab2_facttable1_1_prt_4" for table "bfv_tab2_facttable1"
NOTICE:  CREATE TABLE will create partition "bfv_tab2_facttable1_1_prt_5" for table "bfv_tab2_facttable1"
NOTICE:  CREATE TABLE will create partition "bfv_tab2_facttable1_1_prt_6" for table "bfv_tab2_facttable1"
NOTICE:  CREATE TABLE will create partition "bfv_tab2_facttable1_1_prt_7" for table "bfv_tab2_facttable1"
NOTICE:  CREATE TABLE will create partition "bfv_tab2_facttable1_1_prt_8" for table "bfv_tab2_facttable1"
NOTICE:  CREATE TABLE will create partition "bfv_tab2_facttable1_1_prt_9" for table "bfv_tab2_facttable1"
NOTICE:  CREATE TABLE will create partition "bfv_tab2_facttable1_1_prt_10" for table "bfv_tab2_facttable1"
NOTICE:  CREATE TABLE will create partition "bfv_tab2_facttable1_1_prt_11" for table "bfv_tab2_facttable1"
NOTICE:  CREATE TABLE will create partition "bfv_tab2_facttable1_1_prt_12" for table "bfv_tab2_facttable1"
NOTICE:  CREATE TABLE will create partition "bfv_tab2_facttable1_1_prt_13" for table "bfv_tab2_facttable1"
NOTICE:  CREATE TABLE will create partition "bfv_tab2_facttable1_1_prt_14" for table "bfv_tab2_facttable1"
NOTICE:  CREATE TABLE will create partition "bfv_tab2_facttable1_1_prt_15" for table "bfv_tab2_facttable1"
NOTICE:  CREATE TABLE will create partition "bfv_tab2_facttable1_1_prt_16" for table "bfv_tab2_facttable1"
NOTICE:  CREATE TABLE will create partition "bfv_tab2_facttable1_1_prt_17" for table "bfv_tab2_facttable1"
NOTICE:  CREATE TABLE will create partition "bfv_tab2_facttable1_1_prt_18" for table "bfv_tab2_facttable1"
NOTICE:  CREATE TABLE will create partition "bfv_tab2_facttable1_1_prt_19" for table "bfv_tab2_facttable1"
NOTICE:  CREATE TABLE will create partition "bfv_tab2_facttable1_1_prt_20" for table "bfv_tab2_facttable1"
insert into bfv_tab2_facttable1 select col1, col1, col1 from (select generate_series(1,20) col1)a;
CREATE TABLE bfv_tab2_dimdate (
wk_id smallint,
col2 date
)
;
NOTICE:  Table doesn't have 'DISTRIBUTED BY' clause -- Using column named 'wk_id' as the Greenplum Database data distribution key for this table.
HINT:  The 'DISTRIBUTED BY' clause determines the distribution of data. Make sure column(s) chosen are the optimal data distribution key to minimize skew.
insert into bfv_tab2_dimdate select col1, current_date - col1 from (select generate_series(1,20,2) col1)a;
CREATE TABLE bfv_tab2_dimtabl1 (
id integer,
col2 integer
)
;
NOTICE:  Table doesn't have 'DISTRIBUTED BY' clause -- Using column named 'id' as the Greenplum Database data distribution key for this table.
HINT:  The 'DISTRIBUTED BY' clause determines the distribution of data. Make sure column(s) chosen are the optimal data distribution key to minimize skew.
insert into bfv_tab2_dimtabl1 select col1, col1 from (select generate_series(1,20,3) col1)a;
CREATE INDEX idx_bfv_tab2_facttable1 on bfv_tab2_facttable1 (id); 
NOTICE:  building index for child partition "bfv_tab2_facttable1_1_prt_dflt"
NOTICE:  building index for child partition "bfv_tab2_facttable1_1_prt_2"
NOTICE:  building index for child partition "bfv_tab2_facttable1_1_prt_3"
NOTICE:  building index for child partition "bfv_tab2_facttable1_1_prt_4"
NOTICE:  building index for child partition "bfv_tab2_facttable1_1_prt_5"
NOTICE:  building index for child partition "bfv_tab2_facttable1_1_prt_6"
NOTICE:  building index for child partition "bfv_tab2_facttable1_1_prt_7"
NOTICE:  building index for child partition "bfv_tab2_facttable1_1_prt_8"
NOTICE:  building index for child partition "bfv_tab2_facttable1_1_prt_9"
NOTICE:  building index for child partition "bfv_tab2_facttable1_1_prt_10"
NOTICE:  building index for child partition "bfv_tab2_facttable1_1_prt_11"
NOTICE:  building index for child partition "bfv_tab2_facttable1_1_prt_12"
NOTICE:  building index for child partition "bfv_tab2_facttable1_1_prt_13"
NOTICE:  building index for child partition "bfv_tab2_facttable1_1_prt_14"
NOTICE:  building index for child partition "bfv_tab2_facttable1_1_prt_15"
NOTICE:  building index for child partition "bfv_tab2_facttable1_1_prt_16"
NOTICE:  building index for child partition "bfv_tab2_facttable1_1_prt_17"
NOTICE:  building index for child partition "bfv_tab2_facttable1_1_prt_18"
NOTICE:  building index for child partition "bfv_tab2_facttable1_1_prt_19"
NOTICE:  building index for child partition "bfv_tab2_facttable1_1_prt_20"
--start_ignore
set optimizer_analyze_root_partition to on;
--end_ignore
ANALYZE bfv_tab2_facttable1;
ANALYZE bfv_tab2_dimdate;
ANALYZE bfv_tab2_dimtabl1;
SELECT count(*) 
FROM bfv_tab2_facttable1 ft, bfv_tab2_dimdate dt, bfv_tab2_dimtabl1 dt1
WHERE ft.wk_id = dt.wk_id
AND ft.id = dt1.id;
 count 
-------
     4
(1 row)

explain SELECT count(*) 
FROM bfv_tab2_facttable1 ft, bfv_tab2_dimdate dt, bfv_tab2_dimtabl1 dt1
WHERE ft.wk_id = dt.wk_id
AND ft.id = dt1.id;
                                                                     QUERY PLAN                                                                     
----------------------------------------------------------------------------------------------------------------------------------------------------
 Aggregate  (cost=0.00..1250.34 rows=1 width=8)
   ->  Gather Motion 3:1  (slice3; segments: 3)  (cost=0.00..1250.34 rows=7 width=1)
         ->  Hash Join  (cost=0.00..1250.34 rows=3 width=1)
               Hash Cond: (bfv_tab2_dimdate.wk_id = bfv_tab2_facttable1.wk_id)
               ->  Seq Scan on bfv_tab2_dimdate  (cost=0.00..431.00 rows=4 width=2)
               ->  Hash  (cost=819.34..819.34 rows=3 width=2)
                     ->  Redistribute Motion 3:3  (slice2; segments: 3)  (cost=0.00..819.34 rows=3 width=2)
                           Hash Key: bfv_tab2_facttable1.wk_id
                           ->  Nested Loop  (cost=0.00..819.34 rows=3 width=2)
                                 Join Filter: true
                                 ->  Broadcast Motion 3:3  (slice1; segments: 3)  (cost=0.00..431.00 rows=7 width=4)
                                       ->  Seq Scan on bfv_tab2_dimtabl1  (cost=0.00..431.00 rows=3 width=4)
                                 ->  Sequence  (cost=0.00..388.34 rows=1 width=6)
                                       ->  Partition Selector for bfv_tab2_facttable1 (dynamic scan id: 1)  (cost=10.00..100.00 rows=34 width=4)
                                             Partitions selected: 20 (out of 20)
                                       ->  Dynamic Bitmap Heap Scan on bfv_tab2_facttable1 (dynamic scan id: 1)  (cost=0.00..388.34 rows=1 width=6)
                                             Recheck Cond: (id = bfv_tab2_dimtabl1.id)
                                             ->  Dynamic Bitmap Index Scan on idx_bfv_tab2_facttable1  (cost=0.00..0.00 rows=0 width=0)
                                                   Index Cond: (id = bfv_tab2_dimtabl1.id)
 Optimizer: Pivotal Optimizer (GPORCA)
(20 rows)

-- start_ignore
create language plpythonu;
-- end_ignore
create or replace function count_index_scans(explain_query text) returns int as
$$
rv = plpy.execute(explain_query)
search_text = 'Index Scan'
result = 0
for i in range(len(rv)):
    cur_line = rv[i]['QUERY PLAN']
    if search_text.lower() in cur_line.lower():
        result = result+1
return result
$$
language plpythonu;
DROP TABLE bfv_tab1;
DROP TABLE bfv_tab2_facttable1;
DROP TABLE bfv_tab2_dimdate;
DROP TABLE bfv_tab2_dimtabl1;
-- pick index scan when query has a relabel on the index key: non partitioned tables
set enable_seqscan = off;
-- start_ignore
drop table if exists Tab23383;
NOTICE:  table "tab23383" does not exist, skipping
-- end_ignore
create table Tab23383(a int, b varchar(20));
NOTICE:  Table doesn't have 'DISTRIBUTED BY' clause -- Using column named 'a' as the Greenplum Database data distribution key for this table.
HINT:  The 'DISTRIBUTED BY' clause determines the distribution of data. Make sure column(s) chosen are the optimal data distribution key to minimize skew.
insert into Tab23383 select g,g from generate_series(1,1000) g;
create index Tab23383_b on Tab23383(b);
-- start_ignore
select disable_xform('CXformGet2TableScan');
          disable_xform          
---------------------------------
 CXformGet2TableScan is disabled
(1 row)

-- end_ignore
select count_index_scans('explain select * from Tab23383 where b=''1'';');
 count_index_scans 
-------------------
                 1
(1 row)

select * from Tab23383 where b='1';
 a | b 
---+---
 1 | 1
(1 row)

select count_index_scans('explain select * from Tab23383 where ''1''=b;');
 count_index_scans 
-------------------
                 1
(1 row)

select * from Tab23383 where '1'=b;
 a | b 
---+---
 1 | 1
(1 row)

select count_index_scans('explain select * from Tab23383 where ''2''> b order by a limit 10;');
 count_index_scans 
-------------------
                 1
(1 row)

select * from Tab23383 where '2'> b order by a limit 10;
 a  | b  
----+----
  1 | 1
 10 | 10
 11 | 11
 12 | 12
 13 | 13
 14 | 14
 15 | 15
 16 | 16
 17 | 17
 18 | 18
(10 rows)

select count_index_scans('explain select * from Tab23383 where b between ''1'' and ''2'' order by a limit 10;');
 count_index_scans 
-------------------
                 1
(1 row)

select * from Tab23383 where b between '1' and '2' order by a limit 10;
 a  | b  
----+----
  1 | 1
  2 | 2
 10 | 10
 11 | 11
 12 | 12
 13 | 13
 14 | 14
 15 | 15
 16 | 16
 17 | 17
(10 rows)

-- predicates on both index and non-index key
select count_index_scans('explain select * from Tab23383 where b=''1'' and a=''1'';');
 count_index_scans 
-------------------
                 1
(1 row)

select * from Tab23383 where b='1' and a='1';
 a | b 
---+---
 1 | 1
(1 row)

--negative tests: no index scan plan possible, fall back to planner
select count_index_scans('explain select * from Tab23383 where b::int=''1'';');
 count_index_scans 
-------------------
                 0
(1 row)

drop table Tab23383;
-- pick index scan when query has a relabel on the index key: partitioned tables
-- start_ignore
drop table if exists Tbl23383_partitioned;
NOTICE:  table "tbl23383_partitioned" does not exist, skipping
-- end_ignore
create table Tbl23383_partitioned(a int, b varchar(20), c varchar(20), d varchar(20))
partition by range(a)
(partition p1 start(1) end(500),
partition p2 start(500) end(1000) inclusive);
NOTICE:  Table doesn't have 'DISTRIBUTED BY' clause -- Using column named 'a' as the Greenplum Database data distribution key for this table.
HINT:  The 'DISTRIBUTED BY' clause determines the distribution of data. Make sure column(s) chosen are the optimal data distribution key to minimize skew.
NOTICE:  CREATE TABLE will create partition "tbl23383_partitioned_1_prt_p1" for table "tbl23383_partitioned"
NOTICE:  CREATE TABLE will create partition "tbl23383_partitioned_1_prt_p2" for table "tbl23383_partitioned"
insert into Tbl23383_partitioned select g,g,g,g from generate_series(1,1000) g;
create index idx23383_b on Tbl23383_partitioned(b);
NOTICE:  building index for child partition "tbl23383_partitioned_1_prt_p1"
NOTICE:  building index for child partition "tbl23383_partitioned_1_prt_p2"
-- heterogenous indexes
create index idx23383_c on Tbl23383_partitioned_1_prt_p1(c);
create index idx23383_cd on Tbl23383_partitioned_1_prt_p2(c,d);
set optimizer_enable_dynamictablescan = off;
select count_index_scans('explain select * from Tbl23383_partitioned where b=''1''');
 count_index_scans 
-------------------
                 1
(1 row)

select * from Tbl23383_partitioned where b='1';
 a | b | c | d 
---+---+---+---
 1 | 1 | 1 | 1
(1 row)

select count_index_scans('explain select * from Tbl23383_partitioned where ''1''=b');
 count_index_scans 
-------------------
                 1
(1 row)

select * from Tbl23383_partitioned where '1'=b;
 a | b | c | d 
---+---+---+---
 1 | 1 | 1 | 1
(1 row)

select count_index_scans('explain select * from Tbl23383_partitioned where ''2''> b order by a limit 10;');
 count_index_scans 
-------------------
                 1
(1 row)

select * from Tbl23383_partitioned where '2'> b order by a limit 10;
 a  | b  | c  | d  
----+----+----+----
  1 | 1  | 1  | 1
 10 | 10 | 10 | 10
 11 | 11 | 11 | 11
 12 | 12 | 12 | 12
 13 | 13 | 13 | 13
 14 | 14 | 14 | 14
 15 | 15 | 15 | 15
 16 | 16 | 16 | 16
 17 | 17 | 17 | 17
 18 | 18 | 18 | 18
(10 rows)

select count_index_scans('explain select * from Tbl23383_partitioned where b between ''1'' and ''2'' order by a limit 10;');
 count_index_scans 
-------------------
                 1
(1 row)

select * from Tbl23383_partitioned where b between '1' and '2' order by a limit 10;
 a  | b  | c  | d  
----+----+----+----
  1 | 1  | 1  | 1
  2 | 2  | 2  | 2
 10 | 10 | 10 | 10
 11 | 11 | 11 | 11
 12 | 12 | 12 | 12
 13 | 13 | 13 | 13
 14 | 14 | 14 | 14
 15 | 15 | 15 | 15
 16 | 16 | 16 | 16
 17 | 17 | 17 | 17
(10 rows)

-- predicates on both index and non-index key
select count_index_scans('explain select * from Tbl23383_partitioned where b=''1'' and a=''1'';');
 count_index_scans 
-------------------
                 1
(1 row)

select * from Tbl23383_partitioned where b='1' and a='1';
 a | b | c | d 
---+---+---+---
 1 | 1 | 1 | 1
(1 row)

--negative tests: no index scan plan possible, fall back to planner
select count_index_scans('explain select * from Tbl23383_partitioned where b::int=''1'';');
 count_index_scans 
-------------------
                 0
(1 row)

-- heterogenous indexes
select count_index_scans('explain select * from Tbl23383_partitioned where c=''1'';');
 count_index_scans 
-------------------
                 2
(1 row)

select * from Tbl23383_partitioned where c='1';
 a | b | c | d 
---+---+---+---
 1 | 1 | 1 | 1
(1 row)

-- start_ignore
drop table Tbl23383_partitioned;
-- end_ignore
reset enable_seqscan;
-- negative test: due to non compatible cast and CXformGet2TableScan disabled no index plan possible, fallback to planner
-- start_ignore
drop table if exists tbl_ab;
NOTICE:  table "tbl_ab" does not exist, skipping
-- end_ignore
create table tbl_ab(a int, b int);
NOTICE:  Table doesn't have 'DISTRIBUTED BY' clause -- Using column named 'a' as the Greenplum Database data distribution key for this table.
HINT:  The 'DISTRIBUTED BY' clause determines the distribution of data. Make sure column(s) chosen are the optimal data distribution key to minimize skew.
create index idx_ab_b on tbl_ab(b);
-- start_ignore
select disable_xform('CXformGet2TableScan');
          disable_xform          
---------------------------------
 CXformGet2TableScan is disabled
(1 row)

-- end_ignore
explain select * from tbl_ab where b::oid=1;
                                   QUERY PLAN                                   
--------------------------------------------------------------------------------
 Gather Motion 3:1  (slice1; segments: 3)  (cost=0.00..1176.25 rows=87 width=8)
   ->  Seq Scan on tbl_ab  (cost=0.00..1176.25 rows=29 width=8)
         Filter: b::oid = 1::oid
 Settings:  optimizer=on
 Optimizer status: Postgres query optimizer
(5 rows)

drop table tbl_ab;
drop function count_index_scans(text);
-- start_ignore
select enable_xform('CXformGet2TableScan');
          enable_xform          
--------------------------------
 CXformGet2TableScan is enabled
(1 row)

-- end_ignore
--
-- Check that ORCA can use an index for joins on quals like:
--
-- indexkey CMP expr
-- expr CMP indexkey
--
-- where expr is a scalar expression free of index keys and may have outer
-- references.
--
create table nestloop_x (i int, j int) distributed by (i);
create table nestloop_y (i int, j int) distributed by (i);
insert into nestloop_x select g, g from generate_series(1, 20) g;
insert into nestloop_y select g, g from generate_series(1, 7) g;
create index nestloop_y_idx on nestloop_y (j);
-- Coerce the Postgres planner to produce a similar plan. Nested loop joins
-- are not enabled by default. And to dissuade it from choosing a sequential
-- scan, bump up the cost. enable_seqscan=off  won't help, because there is
-- no other way to scan table 'x', and once the planner chooses a seqscan for
-- one table, it will happily use a seqscan for other tables as well, despite
-- enable_seqscan=off. (On PostgreSQL, enable_seqscan works differently, and
-- just bumps up the cost of a seqscan, so it would work there.)
set seq_page_cost=10000000;
set enable_indexscan=on;
set enable_nestloop=on;
explain select * from nestloop_x as x, nestloop_y as y where x.i + x.j < y.j;
                                          QUERY PLAN                                           
-----------------------------------------------------------------------------------------------
 Gather Motion 3:1  (slice2; segments: 3)  (cost=0.00..543.01 rows=56 width=16)
   ->  Nested Loop  (cost=0.00..543.01 rows=19 width=16)
         Join Filter: true
         ->  Broadcast Motion 3:3  (slice1; segments: 3)  (cost=0.00..431.00 rows=20 width=8)
               ->  Seq Scan on nestloop_x  (cost=0.00..431.00 rows=7 width=8)
         ->  Index Scan using nestloop_y_idx on nestloop_y  (cost=0.00..112.01 rows=1 width=8)
               Index Cond: j > (nestloop_x.i + nestloop_x.j)
 Optimizer: Pivotal Optimizer (GPORCA) version 2.64.0
(8 rows)

select * from nestloop_x as x, nestloop_y as y where x.i + x.j < y.j;
 i | j | i | j 
---+---+---+---
 3 | 3 | 7 | 7
 1 | 1 | 3 | 3
 1 | 1 | 4 | 4
 1 | 1 | 5 | 5
 1 | 1 | 6 | 6
 1 | 1 | 7 | 7
 2 | 2 | 5 | 5
 2 | 2 | 6 | 6
 2 | 2 | 7 | 7
(9 rows)

explain select * from nestloop_x as x, nestloop_y as y where y.j > x.i + x.j + 2;
                                          QUERY PLAN                                           
-----------------------------------------------------------------------------------------------
 Gather Motion 3:1  (slice2; segments: 3)  (cost=0.00..543.01 rows=56 width=16)
   ->  Nested Loop  (cost=0.00..543.01 rows=19 width=16)
         Join Filter: true
         ->  Broadcast Motion 3:3  (slice1; segments: 3)  (cost=0.00..431.00 rows=20 width=8)
               ->  Seq Scan on nestloop_x  (cost=0.00..431.00 rows=7 width=8)
         ->  Index Scan using nestloop_y_idx on nestloop_y  (cost=0.00..112.01 rows=1 width=8)
               Index Cond: j > (nestloop_x.i + nestloop_x.j + 2)
 Optimizer: Pivotal Optimizer (GPORCA) version 2.64.0
(8 rows)

select * from nestloop_x as x, nestloop_y as y where y.j > x.i + x.j + 2;
 i | j | i | j 
---+---+---+---
 1 | 1 | 5 | 5
 1 | 1 | 6 | 6
 1 | 1 | 7 | 7
 2 | 2 | 7 | 7
(4 rows)

drop table nestloop_x, nestloop_y;
SET enable_seqscan = OFF;
SET enable_indexscan = ON;
DROP TABLE IF EXISTS bpchar_ops;
NOTICE:  table "bpchar_ops" does not exist, skipping
CREATE TABLE bpchar_ops(id INT8, v char(10)) DISTRIBUTED BY(id);
CREATE INDEX bpchar_ops_btree_idx ON bpchar_ops USING btree(v bpchar_pattern_ops);
INSERT INTO bpchar_ops VALUES (0, 'row');
SELECT * FROM bpchar_ops WHERE v = 'row '::char(20);
 id |     v      
----+------------
  0 | row       
(1 row)

DROP TABLE bpchar_ops;
--
-- Test index rechecks with AO and AOCS tables (and heaps as well, for good measure)
--
create table shape_heap (c circle) with (appendonly=false);
NOTICE:  Table doesn't have 'DISTRIBUTED BY' clause, and no column type is suitable for a distribution key. Creating a NULL policy entry.
create table shape_ao (c circle) with (appendonly=true, orientation=row);
NOTICE:  Table doesn't have 'DISTRIBUTED BY' clause, and no column type is suitable for a distribution key. Creating a NULL policy entry.
create table shape_aocs (c circle) with (appendonly=true, orientation=column);
NOTICE:  Table doesn't have 'DISTRIBUTED BY' clause, and no column type is suitable for a distribution key. Creating a NULL policy entry.
insert into shape_heap values ('<(0,0), 5>');
insert into shape_ao   values ('<(0,0), 5>');
insert into shape_aocs values ('<(0,0), 5>');
create index shape_heap_bb_idx on shape_heap using gist(c);
create index shape_ao_bb_idx   on shape_ao   using gist(c);
create index shape_aocs_bb_idx on shape_aocs using gist(c);
select c && '<(5,5), 1>'::circle,
       c && '<(5,5), 2>'::circle,
       c && '<(5,5), 3>'::circle
from shape_heap;
 ?column? | ?column? | ?column? 
----------+----------+----------
 f        | f        | t
(1 row)

-- Test the same values with (bitmap) index scans
--
-- The first two values don't overlap with the value in the tables, <(0,0), 5>,
-- but their bounding boxes do. In a GiST index scan that uses the bounding
-- boxes, these will fetch the row from the index, but filtered out by the
-- recheck using the actual overlap operator. The third entry is sanity check
-- that the index returns any rows.
set enable_seqscan=off;
set enable_indexscan=off;
set enable_bitmapscan=on;
-- Use EXPLAIN to verify that these use a bitmap index scan
explain select * from shape_heap where c && '<(5,5), 1>'::circle;
                                        QUERY PLAN                                         
-------------------------------------------------------------------------------------------
 Gather Motion 3:1  (slice1; segments: 3)  (cost=0.00..6.00 rows=1 width=24)
   ->  Index Scan using shape_heap_bb_idx on shape_heap  (cost=0.00..6.00 rows=1 width=24)
         Index Cond: c && '<(5,5),1>'::circle
         Filter: c && '<(5,5),1>'::circle
 Optimizer: Pivotal Optimizer (GPORCA) version 2.70.0
(5 rows)

explain select * from shape_ao   where c && '<(5,5), 1>'::circle;
                                     QUERY PLAN                                     
------------------------------------------------------------------------------------
 Gather Motion 3:1  (slice1; segments: 3)  (cost=0.00..204.38 rows=1 width=24)
   ->  Bitmap Heap Scan on shape_ao  (cost=0.00..204.38 rows=1 width=24)
         Recheck Cond: c && '<(5,5),1>'::circle
         ->  Bitmap Index Scan on shape_ao_bb_idx  (cost=0.00..0.00 rows=0 width=0)
               Index Cond: c && '<(5,5),1>'::circle
 Optimizer: Pivotal Optimizer (GPORCA) version 2.70.0
(6 rows)

explain select * from shape_aocs where c && '<(5,5), 1>'::circle;
                                      QUERY PLAN                                      
--------------------------------------------------------------------------------------
 Gather Motion 3:1  (slice1; segments: 3)  (cost=0.00..204.38 rows=1 width=24)
   ->  Bitmap Heap Scan on shape_aocs  (cost=0.00..204.38 rows=1 width=24)
         Recheck Cond: c && '<(5,5),1>'::circle
         ->  Bitmap Index Scan on shape_aocs_bb_idx  (cost=0.00..0.00 rows=0 width=0)
               Index Cond: c && '<(5,5),1>'::circle
 Optimizer: Pivotal Optimizer (GPORCA) version 2.70.0
(6 rows)

-- Test that they return correct results.
select * from shape_heap where c && '<(5,5), 1>'::circle;
 c 
---
(0 rows)

select * from shape_ao   where c && '<(5,5), 1>'::circle;
 c 
---
(0 rows)

select * from shape_aocs where c && '<(5,5), 1>'::circle;
 c 
---
(0 rows)

select * from shape_heap where c && '<(5,5), 2>'::circle;
 c 
---
(0 rows)

select * from shape_ao   where c && '<(5,5), 2>'::circle;
 c 
---
(0 rows)

select * from shape_aocs where c && '<(5,5), 2>'::circle;
 c 
---
(0 rows)

select * from shape_heap where c && '<(5,5), 3>'::circle;
     c     
-----------
 <(0,0),5>
(1 row)

select * from shape_ao   where c && '<(5,5), 3>'::circle;
     c     
-----------
 <(0,0),5>
(1 row)

select * from shape_aocs where c && '<(5,5), 3>'::circle;
     c     
-----------
 <(0,0),5>
(1 row)

--
-- Given a table with different column types
--
CREATE TABLE table_with_reversed_index(a int, b bool, c text);
NOTICE:  Table doesn't have 'DISTRIBUTED BY' clause -- Using column named 'a' as the Greenplum Database data distribution key for this table.
HINT:  The 'DISTRIBUTED BY' clause determines the distribution of data. Make sure column(s) chosen are the optimal data distribution key to minimize skew.
--
-- And it has an index that is ordered differently than columns on the table.
--
CREATE INDEX ON table_with_reversed_index(c, a);
INSERT INTO table_with_reversed_index VALUES (10, true, 'ab');
--
-- Then an index only scan should succeed. (i.e. varattno is set up correctly)
--
SET enable_seqscan=off;
SET enable_bitmapscan=off;
SET optimizer_enable_tablescan=off;
SET optimizer_enable_indexscan=off;
SET optimizer_enable_indexonlyscan=on;
EXPLAIN SELECT c, a FROM table_with_reversed_index WHERE a > 5;
                                  QUERY PLAN                                  
------------------------------------------------------------------------------
 Gather Motion 3:1  (slice1; segments: 3)  (cost=0.00..0.10 rows=1 width=7)
   ->  Index Only Scan using table_with_reversed_index_c_a_idx on table_with_reversed_index  (cost=0.00..0.10 rows=1 width=7)
         Index Cond: (a > 5)
 Optimizer: Pivotal Optimizer (GPORCA)
(4 rows)

SELECT c, a FROM table_with_reversed_index WHERE a > 5;
 c  | a  
----+----
 ab | 10
(1 row)

--
-- test query with set-returning-functions in targetlists and query plan use Index Only Scan
-- issue: https://github.com/greenplum-db/gpdb/issues/11307
--
EXPLAIN SELECT a, generate_series(0,1) FROM table_with_reversed_index WHERE a > 5;
                                                             QUERY PLAN                                                             
------------------------------------------------------------------------------------------------------------------------------------
 Gather Motion 3:1  (slice1; segments: 3)  (cost=0.00..6.00 rows=1 width=8)
   ->  Result  (cost=0.00..6.00 rows=1 width=8)
         ->  Index Only Scan using table_with_reversed_index_c_a_idx on table_with_reversed_index  (cost=0.00..6.00 rows=1 width=4)
               Index Cond: (a > 5)
 Optimizer: Pivotal Optimizer (GPORCA)
(5 rows)

SELECT a, generate_series(0,1) FROM table_with_reversed_index WHERE a > 5;
 a  | generate_series 
----+-----------------
 10 |               0
 10 |               1
(2 rows)

explain select generate_series(0,1) from pg_class where relname='table_with_reversed_index';
                                                         QUERY PLAN                                                          
-----------------------------------------------------------------------------------------------------------------------------
 Result  (cost=10000000000.27..10000000105.29 rows=1000 width=0)
   ->  Index Only Scan using pg_class_relname_nsp_index on pg_class  (cost=10000000000.27..10000000105.29 rows=1000 width=0)
         Index Cond: (relname = 'table_with_reversed_index'::name)
 Optimizer: Postgres query optimizer
(4 rows)

select generate_series(0,1) from pg_class where relname='table_with_reversed_index';
 generate_series 
-----------------
               0
               1
(2 rows)

RESET enable_seqscan;
RESET enable_bitmapscan;
RESET optimizer_enable_tablescan;
RESET optimizer_enable_indexscan;
RESET optimizer_enable_indexonlyscan;
-- The following tests are to verify a fix that allows ORCA to
-- choose the bitmap index scan alternative when the predicate
-- is in the form of `value operator cast(column)`. The fix
-- converts the scalar comparison expression to the more common 
-- form of `cast(column) operator value` in the preprocessor.
-- Each test includes two queries. One query's predicate has 
-- the column on the left side, and the other has the column
-- on the right side. We expect the two queries to generate
-- identical plans with bitmap index scan.
-- Index only scan will probably be selected once index only
-- scan in enabled for AO tables in ORCA. To prevent retain
-- the bitmap scan alternative, turn off index only scan.
set optimizer_enable_indexonlyscan=off;
-- Test AO table
-- Index scan is disabled in AO table, so bitmap scan is the
-- most performant
create table ao_tbl (
    path_hash character varying(10)
) with (appendonly='true');
NOTICE:  Table doesn't have 'DISTRIBUTED BY' clause -- Using column named 'path_hash' as the Greenplum Database data distribution key for this table.
HINT:  The 'DISTRIBUTED BY' clause determines the distribution of data. Make sure column(s) chosen are the optimal data distribution key to minimize skew.
create index ao_idx on ao_tbl using btree (path_hash);
insert into ao_tbl select 'abc' from generate_series(1,20) i;
analyze ao_tbl;
-- identical plans
explain select * from ao_tbl where path_hash = 'ABC'; 
                                  QUERY PLAN                                  
------------------------------------------------------------------------------
 Gather Motion 3:1  (slice1; segments: 3)  (cost=0.00..387.96 rows=1 width=4)
   ->  Bitmap Heap Scan on ao_tbl  (cost=0.00..387.96 rows=1 width=4)
         Recheck Cond: ((path_hash)::text = 'ABC'::text)
         ->  Bitmap Index Scan on ao_idx  (cost=0.00..0.00 rows=0 width=0)
               Index Cond: ((path_hash)::text = 'ABC'::text)
 Optimizer: Pivotal Optimizer (GPORCA)
(6 rows)

explain select * from ao_tbl where 'ABC' = path_hash;
                                  QUERY PLAN                                  
------------------------------------------------------------------------------
 Gather Motion 3:1  (slice1; segments: 3)  (cost=0.00..387.96 rows=1 width=4)
   ->  Bitmap Heap Scan on ao_tbl  (cost=0.00..387.96 rows=1 width=4)
         Recheck Cond: ((path_hash)::text = 'ABC'::text)
         ->  Bitmap Index Scan on ao_idx  (cost=0.00..0.00 rows=0 width=0)
               Index Cond: ((path_hash)::text = 'ABC'::text)
 Optimizer: Pivotal Optimizer (GPORCA)
(6 rows)

-- Test AO partition table
-- Dynamic index scan is disabled in AO table, so dynamic bitmap
-- scan is the most performant
create table part_tbl (
    path_hash character varying(10)
) partition by list(path_hash) 
          (partition pics values('a') , 
          default partition other with (appendonly='true'));
NOTICE:  Table doesn't have 'DISTRIBUTED BY' clause -- Using column named 'path_hash' as the Greenplum Database data distribution key for this table.
HINT:  The 'DISTRIBUTED BY' clause determines the distribution of data. Make sure column(s) chosen are the optimal data distribution key to minimize skew.
NOTICE:  CREATE TABLE will create partition "part_tbl_1_prt_pics" for table "part_tbl"
NOTICE:  CREATE TABLE will create partition "part_tbl_1_prt_other" for table "part_tbl"
create index part_idx on part_tbl using btree (path_hash);
insert into part_tbl select 'abc' from generate_series(1,20) i;
analyze part_tbl;
-- identical plans
explain select * from part_tbl where path_hash = 'ABC'; 
                                                QUERY PLAN                                                 
-----------------------------------------------------------------------------------------------------------
 Gather Motion 3:1  (slice1; segments: 3)  (cost=0.00..387.97 rows=1 width=4)
   ->  Sequence  (cost=0.00..387.97 rows=1 width=4)
         ->  Partition Selector for part_tbl (dynamic scan id: 1)  (cost=10.00..100.00 rows=34 width=4)
               Partitions selected: 1 (out of 2)
         ->  Dynamic Bitmap Heap Scan on part_tbl (dynamic scan id: 1)  (cost=0.00..387.97 rows=1 width=4)
               Recheck Cond: ((path_hash)::text = 'ABC'::text)
               ->  Dynamic Bitmap Index Scan on part_idx  (cost=0.00..0.00 rows=0 width=0)
                     Index Cond: ((path_hash)::text = 'ABC'::text)
 Optimizer: Pivotal Optimizer (GPORCA)
(9 rows)

explain select * from part_tbl where 'ABC' = path_hash; 
                                                QUERY PLAN                                                 
-----------------------------------------------------------------------------------------------------------
 Gather Motion 3:1  (slice1; segments: 3)  (cost=0.00..387.97 rows=1 width=4)
   ->  Sequence  (cost=0.00..387.97 rows=1 width=4)
         ->  Partition Selector for part_tbl (dynamic scan id: 1)  (cost=10.00..100.00 rows=34 width=4)
               Partitions selected: 1 (out of 2)
         ->  Dynamic Bitmap Heap Scan on part_tbl (dynamic scan id: 1)  (cost=0.00..387.97 rows=1 width=4)
               Recheck Cond: ((path_hash)::text = 'ABC'::text)
               ->  Dynamic Bitmap Index Scan on part_idx  (cost=0.00..0.00 rows=0 width=0)
                     Index Cond: ((path_hash)::text = 'ABC'::text)
 Optimizer: Pivotal Optimizer (GPORCA)
(9 rows)

-- Test table indexed on two columns
-- Two indices allow ORCA to generate the bitmap scan alternative
create table two_idx_tbl (x varchar(10), y varchar(10));
NOTICE:  Table doesn't have 'DISTRIBUTED BY' clause -- Using column named 'x' as the Greenplum Database data distribution key for this table.
HINT:  The 'DISTRIBUTED BY' clause determines the distribution of data. Make sure column(s) chosen are the optimal data distribution key to minimize skew.
create index x_idx on two_idx_tbl using btree (x);
create index y_idx on two_idx_tbl using btree (y);
insert into two_idx_tbl select 'aa', 'bb' from generate_series(1,10000) i;
analyze two_idx_tbl;
-- encourage bitmap scan by discouraging index scan
set optimizer_enable_indexscan=off;
-- identical plans
explain select * from two_idx_tbl where x = 'cc' or y = 'dd';
                                   QUERY PLAN                                   
--------------------------------------------------------------------------------
 Gather Motion 3:1  (slice1; segments: 3)  (cost=0.00..431.06 rows=3 width=6)
   ->  Bitmap Heap Scan on two_idx_tbl  (cost=0.00..431.06 rows=1 width=6)
         Recheck Cond: (((x)::text = 'cc'::text) OR ((y)::text = 'dd'::text))
         ->  BitmapOr  (cost=0.00..0.00 rows=0 width=0)
               ->  Bitmap Index Scan on x_idx  (cost=0.00..0.00 rows=0 width=0)
                     Index Cond: ((x)::text = 'cc'::text)
               ->  Bitmap Index Scan on y_idx  (cost=0.00..0.00 rows=0 width=0)
                     Index Cond: ((y)::text = 'dd'::text)
 Optimizer: Pivotal Optimizer (GPORCA)
(9 rows)

explain select * from two_idx_tbl where 'cc' = x or 'dd' = y;
                                   QUERY PLAN                                   
--------------------------------------------------------------------------------
 Gather Motion 3:1  (slice1; segments: 3)  (cost=0.00..431.06 rows=3 width=6)
   ->  Bitmap Heap Scan on two_idx_tbl  (cost=0.00..431.06 rows=1 width=6)
         Recheck Cond: (((x)::text = 'cc'::text) OR ((y)::text = 'dd'::text))
         ->  BitmapOr  (cost=0.00..0.00 rows=0 width=0)
               ->  Bitmap Index Scan on x_idx  (cost=0.00..0.00 rows=0 width=0)
                     Index Cond: ((x)::text = 'cc'::text)
               ->  Bitmap Index Scan on y_idx  (cost=0.00..0.00 rows=0 width=0)
                     Index Cond: ((y)::text = 'dd'::text)
 Optimizer: Pivotal Optimizer (GPORCA)
(9 rows)

